<?xml version="1.0" encoding="UTF-8"?>
<testng-results ignored="0" total="1" passed="1" failed="0" skipped="0">
  <reporter-output>
  </reporter-output>
  <suite started-at="2021-03-21T14:31:24 EDT" name="Default suite" finished-at="2021-03-21T14:31:24 EDT" duration-ms="71">
    <groups>
    </groups>
    <test started-at="2021-03-21T14:31:24 EDT" name="Default test" finished-at="2021-03-21T14:31:24 EDT" duration-ms="71">
      <class name="ABCDEFGHIJK.test">
        <test-method signature="sysout()[pri:0, instance:ABCDEFGHIJK.test@63021689]" started-at="2021-03-21T14:31:24 EDT" name="sysout" finished-at="2021-03-21T14:31:24 EDT" duration-ms="9" status="PASS">
          <reporter-output>
          </reporter-output>
        </test-method> <!-- sysout -->
      </class> <!-- ABCDEFGHIJK.test -->
    </test> <!-- Default test -->
  </suite> <!-- Default suite -->
</testng-results>
